Workspace_old/HJ/app/build/outputs/logs/manifest-merger-debug-report.txt
-- Merging decision tree log ---
manifest
ADDED from src\main\AndroidManifest.xml:2:1-43:12
INJECTED from src\main\AndroidManifest.xml:2:1-43:12
INJECTED from src\main\AndroidManifest.xml:2:1-43:12
INJECTED from src\main\AndroidManifest.xml:2:1-43:12
INJECTED from src\main\AndroidManifest.xml:2:1-43:12
INJECTED from src\main\AndroidManifest.xml:2:1-43:12
INJECTED from src\main\AndroidManifest.xml:2:1-43:12
	package
		ADDED from src\main\AndroidManifest.xml:3:5-29
		INJECTED from src\main\AndroidManifest.xml
		INJECTED from src\main\AndroidManifest.xml
	android:versionName
		ADDED from src\main\AndroidManifest.xml:5:5-30
		INJECTED from src\main\AndroidManifest.xml
		INJECTED from src\main\AndroidManifest.xml
	xmlns:android
		ADDED from src\main\AndroidManifest.xml:2:11-69
	android:versionCode
		ADDED from src\main\AndroidManifest.xml:4:5-28
		INJECTED from src\main\AndroidManifest.xml
		INJECTED from src\main\AndroidManifest.xml
uses-sdk
ADDED from src\main\AndroidManifest.xml:7:5-47
INJECTED from src\main\AndroidManifest.xml:7:5-47
INJECTED from src\main\AndroidManifest.xml:7:5-47
INJECTED from src\main\AndroidManifest.xml:7:5-47
INJECTED from src\main\AndroidManifest.xml:7:5-47
	android:targetSdkVersion
		ADDED from src\main\AndroidManifest.xml:7:15-44
		INJECTED from src\main\AndroidManifest.xml
		INJECTED from src\main\AndroidManifest.xml
	android:minSdkVersion
		INJECTED from src\main\AndroidManifest.xml
		ADDED from src\main\AndroidManifest.xml:7:5-47
		INJECTED from src\main\AndroidManifest.xml
uses-permission#android.permission.INTERNET
ADDED from src\main\AndroidManifest.xml:9:5-67
	android:name
		ADDED from src\main\AndroidManifest.xml:9:22-64
application
ADDED from src\main\AndroidManifest.xml:11:5-41:19
	android:label
		ADDED from src\main\AndroidManifest.xml:14:9-41
	android:icon
		ADDED from src\main\AndroidManifest.xml:13:9-45
	android:allowBackup
		ADDED from src\main\AndroidManifest.xml:12:9-35
	android:theme
		ADDED from src\main\AndroidManifest.xml:15:9-77
activity#com.example.hj.MainActivity
ADDED from src\main\AndroidManifest.xml:16:9-24:20
	android:label
		ADDED from src\main\AndroidManifest.xml:18:13-45
	android:name
		ADDED from src\main\AndroidManifest.xml:17:13-55
intent-filter#action:name:android.intent.action.MAIN+category:name:android.intent.category.LAUNCHER
ADDED from src\main\AndroidManifest.xml:19:13-23:29
action#android.intent.action.MAIN
ADDED from src\main\AndroidManifest.xml:20:17-69
	android:name
		ADDED from src\main\AndroidManifest.xml:20:25-66
category#android.intent.category.LAUNCHER
ADDED from src\main\AndroidManifest.xml:22:17-77
	android:name
		ADDED from src\main\AndroidManifest.xml:22:27-74
activity#com.example.hj.V1
ADDED from src\main\AndroidManifest.xml:25:9-28:20
	android:label
		ADDED from src\main\AndroidManifest.xml:27:13-54
	android:name
		ADDED from src\main\AndroidManifest.xml:26:13-45
activity#com.example.hj.V2
ADDED from src\main\AndroidManifest.xml:29:9-32:20
	android:label
		ADDED from src\main\AndroidManifest.xml:31:13-54
	android:name
		ADDED from src\main\AndroidManifest.xml:30:13-45
activity#com.example.hj.V3
ADDED from src\main\AndroidManifest.xml:33:9-36:20
	android:label
		ADDED from src\main\AndroidManifest.xml:35:13-54
	android:name
		ADDED from src\main\AndroidManifest.xml:34:13-45
activity#com.example.hj.Vmain
ADDED from src\main\AndroidManifest.xml:37:9-40:20
	android:label
		ADDED from src\main\AndroidManifest.xml:39:13-57
	android:name
		ADDED from src\main\AndroidManifest.xml:38:13-48